# JRE version: OpenJDK Runtime Environment Microsoft-8035246 (17.0.8+7) (build 17.0.8+7-LTS)
# Java VM: OpenJDK 64-Bit Server VM Microsoft-8035246 (17.0.8+7-LTS, mixed mode, sharing, tiered, compressed oops, compressed class ptrs, g1 gc, windows-amd64)
GC Precious Log:
 CPUs: 8 total, 8 available
 Memory: 16159M
 Large Page Support: Disabled
 NUMA Support: Disabled
 Compressed Oops: Enabled (32-bit)
 Heap Region Size: 1M
 Heap Min Capacity: 8M
 Heap Initial Capacity: 254M
 Heap Max Capacity: 2G
 Pre-touch: Disabled
 Parallel Workers: 8
 Concurrent Workers: 2
 Concurrent Refinement Workers: 8
 Periodic GC: Disabled
Heap:
 garbage-first heap   total 317440K, used 266141K [0x0000000080000000, 0x0000000100000000)
  region size 1024K, 44 young (45056K), 4 survivors (4096K)
 Metaspace       used 107927K, committed 109184K, reserved 557056K
  class space    used 14935K, committed 15552K, reserved 425984K
GC Heap History (20 events):
Event: 32.736 GC heap before
{Heap before GC invocations=39 (full 0):
 garbage-first heap   total 317440K, used 248771K [0x0000000080000000, 0x0000000100000000)
  region size 1024K, 143 young (146432K), 18 survivors (18432K)
 Metaspace       used 92947K, committed 94016K, reserved 557056K
  class space    used 13027K, committed 13504K, reserved 425984K
}
Event: 32.759 GC heap after
{Heap after GC invocations=40 (full 0):
 garbage-first heap   total 317440K, used 145045K [0x0000000080000000, 0x0000000100000000)
  region size 1024K, 18 young (18432K), 18 survivors (18432K)
 Metaspace       used 92947K, committed 94016K, reserved 557056K
  class space    used 13027K, committed 13504K, reserved 425984K
}
Event: 33.907 GC heap before
{Heap before GC invocations=40 (full 0):
 garbage-first heap   total 317440K, used 243349K [0x0000000080000000, 0x0000000100000000)
  region size 1024K, 114 young (116736K), 18 survivors (18432K)
 Metaspace       used 98150K, committed 99200K, reserved 557056K
  class space    used 13752K, committed 14208K, reserved 425984K
}
Event: 33.923 GC heap after
{Heap after GC invocations=41 (full 0):
 garbage-first heap   total 317440K, used 153262K [0x0000000080000000, 0x0000000100000000)
  region size 1024K, 7 young (7168K), 7 survivors (7168K)
 Metaspace       used 98150K, committed 99200K, reserved 557056K
  class space    used 13752K, committed 14208K, reserved 425984K
}
Event: 34.681 GC heap before
{Heap before GC invocations=41 (full 0):
 garbage-first heap   total 317440K, used 250542K [0x0000000080000000, 0x0000000100000000)
  region size 1024K, 102 young (104448K), 7 survivors (7168K)
 Metaspace       used 98541K, committed 99584K, reserved 557056K
  class space    used 13792K, committed 14272K, reserved 425984K
}
Event: 34.697 GC heap after
{Heap after GC invocations=42 (full 0):
 garbage-first heap   total 317440K, used 169705K [0x0000000080000000, 0x0000000100000000)
  region size 1024K, 13 young (13312K), 13 survivors (13312K)
 Metaspace       used 98541K, committed 99584K, reserved 557056K
  class space    used 13792K, committed 14272K, reserved 425984K
}
Event: 35.762 GC heap before
{Heap before GC invocations=42 (full 0):
 garbage-first heap   total 317440K, used 253673K [0x0000000080000000, 0x0000000100000000)
  region size 1024K, 94 young (96256K), 13 survivors (13312K)
 Metaspace       used 99970K, committed 101184K, reserved 557056K
  class space    used 13980K, committed 14528K, reserved 425984K
}
Event: 35.780 GC heap after
{Heap after GC invocations=43 (full 0):
 garbage-first heap   total 317440K, used 185592K [0x0000000080000000, 0x0000000100000000)
  region size 1024K, 12 young (12288K), 12 survivors (12288K)
 Metaspace       used 99970K, committed 101184K, reserved 557056K
  class space    used 13980K, committed 14528K, reserved 425984K
}
Event: 36.857 GC heap before
{Heap before GC invocations=43 (full 0):
 garbage-first heap   total 317440K, used 254200K [0x0000000080000000, 0x0000000100000000)
  region size 1024K, 79 young (80896K), 12 survivors (12288K)
 Metaspace       used 103822K, committed 104960K, reserved 557056K
  class space    used 14518K, committed 15040K, reserved 425984K
}
Event: 36.876 GC heap after
{Heap after GC invocations=44 (full 0):
 garbage-first heap   total 317440K, used 195013K [0x0000000080000000, 0x0000000100000000)
  region size 1024K, 8 young (8192K), 8 survivors (8192K)
 Metaspace       used 103822K, committed 104960K, reserved 557056K
  class space    used 14518K, committed 15040K, reserved 425984K
}
Event: 37.399 GC heap before
{Heap before GC invocations=44 (full 0):
 garbage-first heap   total 317440K, used 257477K [0x0000000080000000, 0x0000000100000000)
  region size 1024K, 69 young (70656K), 8 survivors (8192K)
 Metaspace       used 104281K, committed 105536K, reserved 557056K
  class space    used 14538K, committed 15104K, reserved 425984K
}
Event: 37.414 GC heap after
{Heap after GC invocations=45 (full 0):
 garbage-first heap   total 317440K, used 202547K [0x0000000080000000, 0x0000000100000000)
  region size 1024K, 7 young (7168K), 7 survivors (7168K)
 Metaspace       used 104281K, committed 105536K, reserved 557056K
  class space    used 14538K, committed 15104K, reserved 425984K
}
Event: 37.995 GC heap before
{Heap before GC invocations=45 (full 0):
 garbage-first heap   total 317440K, used 266035K [0x0000000080000000, 0x0000000100000000)
  region size 1024K, 65 young (66560K), 7 survivors (7168K)
 Metaspace       used 106300K, committed 107520K, reserved 557056K
  class space    used 14687K, committed 15232K, reserved 425984K
}
Event: 38.006 GC heap after
{Heap after GC invocations=46 (full 0):
 garbage-first heap   total 317440K, used 210699K [0x0000000080000000, 0x0000000100000000)
  region size 1024K, 9 young (9216K), 9 survivors (9216K)
 Metaspace       used 106300K, committed 107520K, reserved 557056K
  class space    used 14687K, committed 15232K, reserved 425984K
}
Event: 38.572 GC heap before
{Heap before GC invocations=46 (full 0):
 garbage-first heap   total 317440K, used 261899K [0x0000000080000000, 0x0000000100000000)
  region size 1024K, 60 young (61440K), 9 survivors (9216K)
 Metaspace       used 107169K, committed 108416K, reserved 557056K
  class space    used 14829K, committed 15424K, reserved 425984K
}
Event: 38.586 GC heap after
{Heap after GC invocations=47 (full 0):
 garbage-first heap   total 317440K, used 214819K [0x0000000080000000, 0x0000000100000000)
  region size 1024K, 4 young (4096K), 4 survivors (4096K)
 Metaspace       used 107169K, committed 108416K, reserved 557056K
  class space    used 14829K, committed 15424K, reserved 425984K
}
Event: 39.013 GC heap before
{Heap before GC invocations=47 (full 0):
 garbage-first heap   total 317440K, used 266019K [0x0000000080000000, 0x0000000100000000)
  region size 1024K, 55 young (56320K), 4 survivors (4096K)
 Metaspace       used 107778K, committed 109056K, reserved 557056K
  class space    used 14924K, committed 15488K, reserved 425984K
}
Event: 39.022 GC heap after
{Heap after GC invocations=48 (full 0):
 garbage-first heap   total 317440K, used 220526K [0x0000000080000000, 0x0000000100000000)
  region size 1024K, 7 young (7168K), 7 survivors (7168K)
 Metaspace       used 107778K, committed 109056K, reserved 557056K
  class space    used 14924K, committed 15488K, reserved 425984K
}
Event: 39.485 GC heap before
{Heap before GC invocations=48 (full 0):
 garbage-first heap   total 317440K, used 267630K [0x0000000080000000, 0x0000000100000000)
  region size 1024K, 53 young (54272K), 7 survivors (7168K)
 Metaspace       used 107793K, committed 109056K, reserved 557056K
  class space    used 14925K, committed 15488K, reserved 425984K
}
Event: 39.493 GC heap after
{Heap after GC invocations=49 (full 0):
 garbage-first heap   total 317440K, used 223133K [0x0000000080000000, 0x0000000100000000)
  region size 1024K, 4 young (4096K), 4 survivors (4096K)
 Metaspace       used 107793K, committed 109056K, reserved 557056K
  class space    used 14925K, committed 15488K, reserved 425984K
}

