# JRE version: OpenJDK Runtime Environment Microsoft-8035246 (17.0.8+7) (build 17.0.8+7-LTS)
# Java VM: OpenJDK 64-Bit Server VM Microsoft-8035246 (17.0.8+7-LTS, mixed mode, sharing, tiered, compressed oops, compressed class ptrs, g1 gc, windows-amd64)
GC Precious Log:
 CPUs: 8 total, 8 available
 Memory: 16159M
 Large Page Support: Disabled
 NUMA Support: Disabled
 Compressed Oops: Enabled (32-bit)
 Heap Region Size: 1M
 Heap Min Capacity: 8M
 Heap Initial Capacity: 254M
 Heap Max Capacity: 2G
 Pre-touch: Disabled
 Parallel Workers: 8
 Concurrent Workers: 2
 Concurrent Refinement Workers: 8
 Periodic GC: Disabled
Heap:
 garbage-first heap   total 321536K, used 263643K [0x0000000080000000, 0x0000000100000000)
  region size 1024K, 29 young (29696K), 4 survivors (4096K)
 Metaspace       used 108207K, committed 109504K, reserved 557056K
  class space    used 14984K, committed 15552K, reserved 425984K
GC Heap History (20 events):
Event: 36.867 GC heap before
{Heap before GC invocations=39 (full 0):
 garbage-first heap   total 321536K, used 252909K [0x0000000080000000, 0x0000000100000000)
  region size 1024K, 109 young (111616K), 17 survivors (17408K)
 Metaspace       used 98569K, committed 99776K, reserved 557056K
  class space    used 13810K, committed 14400K, reserved 425984K
}
Event: 36.885 GC heap after
{Heap after GC invocations=40 (full 0):
 garbage-first heap   total 321536K, used 168639K [0x0000000080000000, 0x0000000100000000)
  region size 1024K, 9 young (9216K), 9 survivors (9216K)
 Metaspace       used 98569K, committed 99776K, reserved 557056K
  class space    used 13810K, committed 14400K, reserved 425984K
}
Event: 37.644 GC heap before
{Heap before GC invocations=40 (full 0):
 garbage-first heap   total 321536K, used 258751K [0x0000000080000000, 0x0000000100000000)
  region size 1024K, 96 young (98304K), 9 survivors (9216K)
 Metaspace       used 99031K, committed 100224K, reserved 557056K
  class space    used 13861K, committed 14400K, reserved 425984K
}
Event: 37.661 GC heap after
{Heap after GC invocations=41 (full 0):
 garbage-first heap   total 321536K, used 184695K [0x0000000080000000, 0x0000000100000000)
  region size 1024K, 12 young (12288K), 12 survivors (12288K)
 Metaspace       used 99031K, committed 100224K, reserved 557056K
  class space    used 13861K, committed 14400K, reserved 425984K
}
Event: 38.740 GC heap before
{Heap before GC invocations=41 (full 0):
 garbage-first heap   total 321536K, used 257399K [0x0000000080000000, 0x0000000100000000)
  region size 1024K, 83 young (84992K), 12 survivors (12288K)
 Metaspace       used 100421K, committed 101696K, reserved 557056K
  class space    used 14047K, committed 14656K, reserved 425984K
}
Event: 38.760 GC heap after
{Heap after GC invocations=42 (full 0):
 garbage-first heap   total 321536K, used 198656K [0x0000000080000000, 0x0000000100000000)
  region size 1024K, 11 young (11264K), 11 survivors (11264K)
 Metaspace       used 100421K, committed 101696K, reserved 557056K
  class space    used 14047K, committed 14656K, reserved 425984K
}
Event: 39.768 GC heap before
{Heap before GC invocations=42 (full 0):
 garbage-first heap   total 321536K, used 261120K [0x0000000080000000, 0x0000000100000000)
  region size 1024K, 72 young (73728K), 11 survivors (11264K)
 Metaspace       used 103962K, committed 105152K, reserved 557056K
  class space    used 14539K, committed 15104K, reserved 425984K
}
Event: 39.786 GC heap after
{Heap after GC invocations=43 (full 0):
 garbage-first heap   total 321536K, used 208845K [0x0000000080000000, 0x0000000100000000)
  region size 1024K, 9 young (9216K), 9 survivors (9216K)
 Metaspace       used 103962K, committed 105152K, reserved 557056K
  class space    used 14539K, committed 15104K, reserved 425984K
}
Event: 40.411 GC heap before
{Heap before GC invocations=43 (full 0):
 garbage-first heap   total 321536K, used 265165K [0x0000000080000000, 0x0000000100000000)
  region size 1024K, 64 young (65536K), 9 survivors (9216K)
 Metaspace       used 104556K, committed 105792K, reserved 557056K
  class space    used 14580K, committed 15168K, reserved 425984K
}
Event: 40.428 GC heap after
{Heap after GC invocations=44 (full 0):
 garbage-first heap   total 321536K, used 214704K [0x0000000080000000, 0x0000000100000000)
  region size 1024K, 7 young (7168K), 7 survivors (7168K)
 Metaspace       used 104556K, committed 105792K, reserved 557056K
  class space    used 14580K, committed 15168K, reserved 425984K
}
Event: 40.902 GC heap before
{Heap before GC invocations=44 (full 0):
 garbage-first heap   total 321536K, used 266928K [0x0000000080000000, 0x0000000100000000)
  region size 1024K, 58 young (59392K), 7 survivors (7168K)
 Metaspace       used 104857K, committed 106112K, reserved 557056K
  class space    used 14608K, committed 15168K, reserved 425984K
}
Event: 40.915 GC heap after
{Heap after GC invocations=45 (full 0):
 garbage-first heap   total 321536K, used 221071K [0x0000000080000000, 0x0000000100000000)
  region size 1024K, 7 young (7168K), 7 survivors (7168K)
 Metaspace       used 104857K, committed 106112K, reserved 557056K
  class space    used 14608K, committed 15168K, reserved 425984K
}
Event: 41.614 GC heap before
{Heap before GC invocations=45 (full 0):
 garbage-first heap   total 321536K, used 273295K [0x0000000080000000, 0x0000000100000000)
  region size 1024K, 54 young (55296K), 7 survivors (7168K)
 Metaspace       used 107309K, committed 108608K, reserved 557056K
  class space    used 14881K, committed 15488K, reserved 425984K
}
Event: 41.629 GC heap after
{Heap after GC invocations=46 (full 0):
 garbage-first heap   total 321536K, used 227194K [0x0000000080000000, 0x0000000100000000)
  region size 1024K, 7 young (7168K), 7 survivors (7168K)
 Metaspace       used 107309K, committed 108608K, reserved 557056K
  class space    used 14881K, committed 15488K, reserved 425984K
}
Event: 42.061 GC heap before
{Heap before GC invocations=46 (full 0):
 garbage-first heap   total 321536K, used 269178K [0x0000000080000000, 0x0000000100000000)
  region size 1024K, 49 young (50176K), 7 survivors (7168K)
 Metaspace       used 107600K, committed 108864K, reserved 557056K
  class space    used 14888K, committed 15488K, reserved 425984K
}
Event: 42.068 GC heap after
{Heap after GC invocations=47 (full 0):
 garbage-first heap   total 321536K, used 230158K [0x0000000080000000, 0x0000000100000000)
  region size 1024K, 3 young (3072K), 3 survivors (3072K)
 Metaspace       used 107600K, committed 108864K, reserved 557056K
  class space    used 14888K, committed 15488K, reserved 425984K
}
Event: 42.474 GC heap before
{Heap before GC invocations=47 (full 0):
 garbage-first heap   total 321536K, used 274190K [0x0000000080000000, 0x0000000100000000)
  region size 1024K, 46 young (47104K), 3 survivors (3072K)
 Metaspace       used 108185K, committed 109504K, reserved 557056K
  class space    used 14984K, committed 15552K, reserved 425984K
}
Event: 42.481 GC heap after
{Heap after GC invocations=48 (full 0):
 garbage-first heap   total 321536K, used 235943K [0x0000000080000000, 0x0000000100000000)
  region size 1024K, 6 young (6144K), 6 survivors (6144K)
 Metaspace       used 108185K, committed 109504K, reserved 557056K
  class space    used 14984K, committed 15552K, reserved 425984K
}
Event: 42.717 GC heap before
{Heap before GC invocations=48 (full 0):
 garbage-first heap   total 321536K, used 272807K [0x0000000080000000, 0x0000000100000000)
  region size 1024K, 43 young (44032K), 6 survivors (6144K)
 Metaspace       used 108204K, committed 109504K, reserved 557056K
  class space    used 14984K, committed 15552K, reserved 425984K
}
Event: 42.724 GC heap after
{Heap after GC invocations=49 (full 0):
 garbage-first heap   total 321536K, used 239067K [0x0000000080000000, 0x0000000100000000)
  region size 1024K, 4 young (4096K), 4 survivors (4096K)
 Metaspace       used 108204K, committed 109504K, reserved 557056K
  class space    used 14984K, committed 15552K, reserved 425984K
}

